# JRE version: OpenJDK Runtime Environment Temurin-21.0.8+9 (21.0.8+9) (build 21.0.8+9-LTS)
# Java VM: OpenJDK 64-Bit Server VM Temurin-21.0.8+9 (21.0.8+9-LTS, mixed mode, sharing, tiered, compressed oops, compressed class ptrs, parallel gc, windows-amd64)
GC Precious Log:
 CardTable entry size: 512
 CPUs: 12 total, 12 available
 Memory: 7967M
 Large Page Support: Disabled
 NUMA Support: Disabled
 Compressed Oops: Enabled (32-bit)
 Alignments: Space 512K, Generation 512K, Heap 2M
 Heap Min Capacity: 100M
 Heap Initial Capacity: 100M
 Heap Max Capacity: 2G
 Pre-touch: Disabled
 Parallel Workers: 10
Heap:
 PSYoungGen      total 7680K, used 988K [0x00000000d5580000, 0x00000000d5e00000, 0x0000000100000000)
  eden space 7168K, 10% used [0x00000000d5580000,0x00000000d563f0d0,0x00000000d5c80000)
  from space 512K, 43% used [0x00000000d5d80000,0x00000000d5db8000,0x00000000d5e00000)
  to   space 512K, 0% used [0x00000000d5d00000,0x00000000d5d00000,0x00000000d5d80000)
 ParOldGen       total 166400K, used 166190K [0x0000000080000000, 0x000000008a280000, 0x00000000d5580000)
  object space 166400K, 99% used [0x0000000080000000,0x000000008a24bbe8,0x000000008a280000)
 Metaspace       used 71791K, committed 73472K, reserved 1179648K
  class space    used 7408K, committed 8128K, reserved 1048576K
GC Heap History (20 events):
Event: 33.597 GC heap before
{Heap before GC invocations=94 (full 3):
 PSYoungGen      total 8192K, used 8000K [0x00000000d5580000, 0x00000000d5f80000, 0x0000000100000000)
  eden space 7680K, 100% used [0x00000000d5580000,0x00000000d5d00000,0x00000000d5d00000)
  from space 512K, 62% used [0x00000000d5f00000,0x00000000d5f50000,0x00000000d5f80000)
  to   space 512K, 0% used [0x00000000d5e80000,0x00000000d5e80000,0x00000000d5f00000)
 ParOldGen       total 162816K, used 162585K [0x0000000080000000, 0x0000000089f00000, 0x00000000d5580000)
  object space 162816K, 99% used [0x0000000080000000,0x0000000089ec6698,0x0000000089f00000)
 Metaspace       used 70366K, committed 72000K, reserved 1114112K
  class space    used 7300K, committed 8000K, reserved 1048576K
}
Event: 33.599 GC heap after
{Heap after GC invocations=94 (full 3):
 PSYoungGen      total 8192K, used 512K [0x00000000d5580000, 0x00000000d6000000, 0x0000000100000000)
  eden space 7680K, 0% used [0x00000000d5580000,0x00000000d5580000,0x00000000d5d00000)
  from space 512K, 100% used [0x00000000d5e80000,0x00000000d5f00000,0x00000000d5f00000)
  to   space 1024K, 0% used [0x00000000d5f00000,0x00000000d5f00000,0x00000000d6000000)
 ParOldGen       total 163328K, used 163049K [0x0000000080000000, 0x0000000089f80000, 0x00000000d5580000)
  object space 163328K, 99% used [0x0000000080000000,0x0000000089f3a598,0x0000000089f80000)
 Metaspace       used 70366K, committed 72000K, reserved 1114112K
  class space    used 7300K, committed 8000K, reserved 1048576K
}
Event: 33.663 GC heap before
{Heap before GC invocations=95 (full 3):
 PSYoungGen      total 8192K, used 8192K [0x00000000d5580000, 0x00000000d6000000, 0x0000000100000000)
  eden space 7680K, 100% used [0x00000000d5580000,0x00000000d5d00000,0x00000000d5d00000)
  from space 512K, 100% used [0x00000000d5e80000,0x00000000d5f00000,0x00000000d5f00000)
  to   space 1024K, 0% used [0x00000000d5f00000,0x00000000d5f00000,0x00000000d6000000)
 ParOldGen       total 163328K, used 163049K [0x0000000080000000, 0x0000000089f80000, 0x00000000d5580000)
  object space 163328K, 99% used [0x0000000080000000,0x0000000089f3a598,0x0000000089f80000)
 Metaspace       used 70421K, committed 72064K, reserved 1114112K
  class space    used 7304K, committed 8000K, reserved 1048576K
}
Event: 33.665 GC heap after
{Heap after GC invocations=95 (full 3):
 PSYoungGen      total 8192K, used 1008K [0x00000000d5580000, 0x00000000d6200000, 0x0000000100000000)
  eden space 7168K, 0% used [0x00000000d5580000,0x00000000d5580000,0x00000000d5c80000)
  from space 1024K, 98% used [0x00000000d5f00000,0x00000000d5ffc010,0x00000000d6000000)
  to   space 2560K, 0% used [0x00000000d5c80000,0x00000000d5c80000,0x00000000d5f00000)
 ParOldGen       total 164352K, used 163923K [0x0000000080000000, 0x000000008a080000, 0x00000000d5580000)
  object space 164352K, 99% used [0x0000000080000000,0x000000008a014d90,0x000000008a080000)
 Metaspace       used 70421K, committed 72064K, reserved 1114112K
  class space    used 7304K, committed 8000K, reserved 1048576K
}
Event: 34.228 GC heap before
{Heap before GC invocations=96 (full 3):
 PSYoungGen      total 8192K, used 8176K [0x00000000d5580000, 0x00000000d6200000, 0x0000000100000000)
  eden space 7168K, 100% used [0x00000000d5580000,0x00000000d5c80000,0x00000000d5c80000)
  from space 1024K, 98% used [0x00000000d5f00000,0x00000000d5ffc010,0x00000000d6000000)
  to   space 2560K, 0% used [0x00000000d5c80000,0x00000000d5c80000,0x00000000d5f00000)
 ParOldGen       total 164352K, used 163923K [0x0000000080000000, 0x000000008a080000, 0x00000000d5580000)
  object space 164352K, 99% used [0x0000000080000000,0x000000008a014d90,0x000000008a080000)
 Metaspace       used 70563K, committed 72256K, reserved 1114112K
  class space    used 7305K, committed 8064K, reserved 1048576K
}
Event: 34.233 GC heap after
{Heap after GC invocations=96 (full 3):
 PSYoungGen      total 8192K, used 1018K [0x00000000d5580000, 0x00000000d5f80000, 0x0000000100000000)
  eden space 7168K, 0% used [0x00000000d5580000,0x00000000d5580000,0x00000000d5c80000)
  from space 1024K, 99% used [0x00000000d5c80000,0x00000000d5d7e900,0x00000000d5d80000)
  to   space 1536K, 0% used [0x00000000d5e00000,0x00000000d5e00000,0x00000000d5f80000)
 ParOldGen       total 165376K, used 164951K [0x0000000080000000, 0x000000008a180000, 0x00000000d5580000)
  object space 165376K, 99% used [0x0000000080000000,0x000000008a115fe8,0x000000008a180000)
 Metaspace       used 70563K, committed 72256K, reserved 1114112K
  class space    used 7305K, committed 8064K, reserved 1048576K
}
Event: 34.503 GC heap before
{Heap before GC invocations=97 (full 3):
 PSYoungGen      total 8192K, used 8186K [0x00000000d5580000, 0x00000000d5f80000, 0x0000000100000000)
  eden space 7168K, 100% used [0x00000000d5580000,0x00000000d5c80000,0x00000000d5c80000)
  from space 1024K, 99% used [0x00000000d5c80000,0x00000000d5d7e900,0x00000000d5d80000)
  to   space 1536K, 0% used [0x00000000d5e00000,0x00000000d5e00000,0x00000000d5f80000)
 ParOldGen       total 165376K, used 164951K [0x0000000080000000, 0x000000008a180000, 0x00000000d5580000)
  object space 165376K, 99% used [0x0000000080000000,0x000000008a115fe8,0x000000008a180000)
 Metaspace       used 70718K, committed 72384K, reserved 1114112K
  class space    used 7305K, committed 8064K, reserved 1048576K
}
Event: 34.507 GC heap after
{Heap after GC invocations=97 (full 3):
 PSYoungGen      total 8192K, used 756K [0x00000000d5580000, 0x00000000d5f00000, 0x0000000100000000)
  eden space 7168K, 0% used [0x00000000d5580000,0x00000000d5580000,0x00000000d5c80000)
  from space 1024K, 73% used [0x00000000d5e00000,0x00000000d5ebd200,0x00000000d5f00000)
  to   space 1024K, 0% used [0x00000000d5c80000,0x00000000d5c80000,0x00000000d5d80000)
 ParOldGen       total 165888K, used 165747K [0x0000000080000000, 0x000000008a200000, 0x00000000d5580000)
  object space 165888K, 99% used [0x0000000080000000,0x000000008a1dcef8,0x000000008a200000)
 Metaspace       used 70718K, committed 72384K, reserved 1114112K
  class space    used 7305K, committed 8064K, reserved 1048576K
}
Event: 35.411 GC heap before
{Heap before GC invocations=98 (full 3):
 PSYoungGen      total 8192K, used 7924K [0x00000000d5580000, 0x00000000d5f00000, 0x0000000100000000)
  eden space 7168K, 100% used [0x00000000d5580000,0x00000000d5c80000,0x00000000d5c80000)
  from space 1024K, 73% used [0x00000000d5e00000,0x00000000d5ebd200,0x00000000d5f00000)
  to   space 1024K, 0% used [0x00000000d5c80000,0x00000000d5c80000,0x00000000d5d80000)
 ParOldGen       total 165888K, used 165747K [0x0000000080000000, 0x000000008a200000, 0x00000000d5580000)
  object space 165888K, 99% used [0x0000000080000000,0x000000008a1dcef8,0x000000008a200000)
 Metaspace       used 71019K, committed 72640K, reserved 1114112K
  class space    used 7351K, committed 8064K, reserved 1048576K
}
Event: 35.413 GC heap after
{Heap after GC invocations=98 (full 3):
 PSYoungGen      total 8192K, used 928K [0x00000000d5580000, 0x00000000d5e80000, 0x0000000100000000)
  eden space 7168K, 0% used [0x00000000d5580000,0x00000000d5580000,0x00000000d5c80000)
  from space 1024K, 90% used [0x00000000d5c80000,0x00000000d5d68000,0x00000000d5d80000)
  to   space 1024K, 0% used [0x00000000d5d80000,0x00000000d5d80000,0x00000000d5e80000)
 ParOldGen       total 165888K, used 165803K [0x0000000080000000, 0x000000008a200000, 0x00000000d5580000)
  object space 165888K, 99% used [0x0000000080000000,0x000000008a1eaef8,0x000000008a200000)
 Metaspace       used 71019K, committed 72640K, reserved 1114112K
  class space    used 7351K, committed 8064K, reserved 1048576K
}
Event: 35.494 GC heap before
{Heap before GC invocations=99 (full 3):
 PSYoungGen      total 8192K, used 8096K [0x00000000d5580000, 0x00000000d5e80000, 0x0000000100000000)
  eden space 7168K, 100% used [0x00000000d5580000,0x00000000d5c80000,0x00000000d5c80000)
  from space 1024K, 90% used [0x00000000d5c80000,0x00000000d5d68000,0x00000000d5d80000)
  to   space 1024K, 0% used [0x00000000d5d80000,0x00000000d5d80000,0x00000000d5e80000)
 ParOldGen       total 165888K, used 165803K [0x0000000080000000, 0x000000008a200000, 0x00000000d5580000)
  object space 165888K, 99% used [0x0000000080000000,0x000000008a1eaef8,0x000000008a200000)
 Metaspace       used 71554K, committed 73216K, reserved 1179648K
  class space    used 7402K, committed 8128K, reserved 1048576K
}
Event: 35.495 GC heap after
{Heap after GC invocations=99 (full 3):
 PSYoungGen      total 8192K, used 980K [0x00000000d5580000, 0x00000000d5e80000, 0x0000000100000000)
  eden space 7168K, 0% used [0x00000000d5580000,0x00000000d5580000,0x00000000d5c80000)
  from space 1024K, 95% used [0x00000000d5d80000,0x00000000d5e75200,0x00000000d5e80000)
  to   space 1024K, 0% used [0x00000000d5c80000,0x00000000d5c80000,0x00000000d5d80000)
 ParOldGen       total 165888K, used 165886K [0x0000000080000000, 0x000000008a200000, 0x00000000d5580000)
  object space 165888K, 99% used [0x0000000080000000,0x000000008a1ffbe8,0x000000008a200000)
 Metaspace       used 71554K, committed 73216K, reserved 1179648K
  class space    used 7402K, committed 8128K, reserved 1048576K
}
Event: 36.032 GC heap before
{Heap before GC invocations=100 (full 3):
 PSYoungGen      total 8192K, used 8148K [0x00000000d5580000, 0x00000000d5e80000, 0x0000000100000000)
  eden space 7168K, 100% used [0x00000000d5580000,0x00000000d5c80000,0x00000000d5c80000)
  from space 1024K, 95% used [0x00000000d5d80000,0x00000000d5e75200,0x00000000d5e80000)
  to   space 1024K, 0% used [0x00000000d5c80000,0x00000000d5c80000,0x00000000d5d80000)
 ParOldGen       total 165888K, used 165886K [0x0000000080000000, 0x000000008a200000, 0x00000000d5580000)
  object space 165888K, 99% used [0x0000000080000000,0x000000008a1ffbe8,0x000000008a200000)
 Metaspace       used 71588K, committed 73216K, reserved 1179648K
  class space    used 7402K, committed 8128K, reserved 1048576K
}
Event: 36.033 GC heap after
{Heap after GC invocations=100 (full 3):
 PSYoungGen      total 8192K, used 826K [0x00000000d5580000, 0x00000000d5e80000, 0x0000000100000000)
  eden space 7168K, 0% used [0x00000000d5580000,0x00000000d5580000,0x00000000d5c80000)
  from space 1024K, 80% used [0x00000000d5c80000,0x00000000d5d4e900,0x00000000d5d80000)
  to   space 1024K, 0% used [0x00000000d5d80000,0x00000000d5d80000,0x00000000d5e80000)
 ParOldGen       total 166400K, used 166006K [0x0000000080000000, 0x000000008a280000, 0x00000000d5580000)
  object space 166400K, 99% used [0x0000000080000000,0x000000008a21dbe8,0x000000008a280000)
 Metaspace       used 71588K, committed 73216K, reserved 1179648K
  class space    used 7402K, committed 8128K, reserved 1048576K
}
Event: 39.426 GC heap before
{Heap before GC invocations=101 (full 3):
 PSYoungGen      total 8192K, used 7994K [0x00000000d5580000, 0x00000000d5e80000, 0x0000000100000000)
  eden space 7168K, 100% used [0x00000000d5580000,0x00000000d5c80000,0x00000000d5c80000)
  from space 1024K, 80% used [0x00000000d5c80000,0x00000000d5d4e900,0x00000000d5d80000)
  to   space 1024K, 0% used [0x00000000d5d80000,0x00000000d5d80000,0x00000000d5e80000)
 ParOldGen       total 166400K, used 166006K [0x0000000080000000, 0x000000008a280000, 0x00000000d5580000)
  object space 166400K, 99% used [0x0000000080000000,0x000000008a21dbe8,0x000000008a280000)
 Metaspace       used 71701K, committed 73344K, reserved 1179648K
  class space    used 7402K, committed 8128K, reserved 1048576K
}
Event: 39.427 GC heap after
{Heap after GC invocations=101 (full 3):
 PSYoungGen      total 8192K, used 352K [0x00000000d5580000, 0x00000000d5e80000, 0x0000000100000000)
  eden space 7168K, 0% used [0x00000000d5580000,0x00000000d5580000,0x00000000d5c80000)
  from space 1024K, 34% used [0x00000000d5d80000,0x00000000d5dd8000,0x00000000d5e80000)
  to   space 1024K, 0% used [0x00000000d5c80000,0x00000000d5c80000,0x00000000d5d80000)
 ParOldGen       total 166400K, used 166070K [0x0000000080000000, 0x000000008a280000, 0x00000000d5580000)
  object space 166400K, 99% used [0x0000000080000000,0x000000008a22dbe8,0x000000008a280000)
 Metaspace       used 71701K, committed 73344K, reserved 1179648K
  class space    used 7402K, committed 8128K, reserved 1048576K
}
Event: 39.567 GC heap before
{Heap before GC invocations=102 (full 3):
 PSYoungGen      total 8192K, used 7520K [0x00000000d5580000, 0x00000000d5e80000, 0x0000000100000000)
  eden space 7168K, 100% used [0x00000000d5580000,0x00000000d5c80000,0x00000000d5c80000)
  from space 1024K, 34% used [0x00000000d5d80000,0x00000000d5dd8000,0x00000000d5e80000)
  to   space 1024K, 0% used [0x00000000d5c80000,0x00000000d5c80000,0x00000000d5d80000)
 ParOldGen       total 166400K, used 166070K [0x0000000080000000, 0x000000008a280000, 0x00000000d5580000)
  object space 166400K, 99% used [0x0000000080000000,0x000000008a22dbe8,0x000000008a280000)
 Metaspace       used 71737K, committed 73344K, reserved 1179648K
  class space    used 7405K, committed 8128K, reserved 1048576K
}
Event: 39.568 GC heap after
{Heap after GC invocations=102 (full 3):
 PSYoungGen      total 8192K, used 320K [0x00000000d5580000, 0x00000000d5e00000, 0x0000000100000000)
  eden space 7168K, 0% used [0x00000000d5580000,0x00000000d5580000,0x00000000d5c80000)
  from space 1024K, 31% used [0x00000000d5c80000,0x00000000d5cd0000,0x00000000d5d80000)
  to   space 512K, 0% used [0x00000000d5d80000,0x00000000d5d80000,0x00000000d5e00000)
 ParOldGen       total 166400K, used 166142K [0x0000000080000000, 0x000000008a280000, 0x00000000d5580000)
  object space 166400K, 99% used [0x0000000080000000,0x000000008a23fbe8,0x000000008a280000)
 Metaspace       used 71737K, committed 73344K, reserved 1179648K
  class space    used 7405K, committed 8128K, reserved 1048576K
}
Event: 62.783 GC heap before
{Heap before GC invocations=103 (full 3):
 PSYoungGen      total 8192K, used 7486K [0x00000000d5580000, 0x00000000d5e00000, 0x0000000100000000)
  eden space 7168K, 99% used [0x00000000d5580000,0x00000000d5c7fa60,0x00000000d5c80000)
  from space 1024K, 31% used [0x00000000d5c80000,0x00000000d5cd0000,0x00000000d5d80000)
  to   space 512K, 0% used [0x00000000d5d80000,0x00000000d5d80000,0x00000000d5e00000)
 ParOldGen       total 166400K, used 166142K [0x0000000080000000, 0x000000008a280000, 0x00000000d5580000)
  object space 166400K, 99% used [0x0000000080000000,0x000000008a23fbe8,0x000000008a280000)
 Metaspace       used 71769K, committed 73472K, reserved 1179648K
  class space    used 7405K, committed 8128K, reserved 1048576K
}
Event: 62.784 GC heap after
{Heap after GC invocations=103 (full 3):
 PSYoungGen      total 7680K, used 224K [0x00000000d5580000, 0x00000000d5e00000, 0x0000000100000000)
  eden space 7168K, 0% used [0x00000000d5580000,0x00000000d5580000,0x00000000d5c80000)
  from space 512K, 43% used [0x00000000d5d80000,0x00000000d5db8000,0x00000000d5e00000)
  to   space 512K, 0% used [0x00000000d5d00000,0x00000000d5d00000,0x00000000d5d80000)
 ParOldGen       total 166400K, used 166190K [0x0000000080000000, 0x000000008a280000, 0x00000000d5580000)
  object space 166400K, 99% used [0x0000000080000000,0x000000008a24bbe8,0x000000008a280000)
 Metaspace       used 71769K, committed 73472K, reserved 1179648K
  class space    used 7405K, committed 8128K, reserved 1048576K
}

