GC Precious Log:
 CardTable entry size: 512
 CPUs: 12 total, 12 available
 Memory: 7967M
 Large Page Support: Disabled
 NUMA Support: Disabled
 Compressed Oops: Enabled (32-bit)
 Alignments: Space 512K, Generation 512K, Heap 2M
 Heap Min Capacity: 100M
 Heap Initial Capacity: 100M
 Heap Max Capacity: 2G
 Pre-touch: Disabled
 Parallel Workers: 10
Heap:
 PSYoungGen      total 9216K, used 7363K [0x00000000d5580000, 0x00000000d6500000, 0x0000000100000000)
  eden space 5120K, 72% used [0x00000000d5580000,0x00000000d59203a0,0x00000000d5a80000)
  from space 4096K, 89% used [0x00000000d6100000,0x00000000d6490910,0x00000000d6500000)
  to   space 4608K, 0% used [0x00000000d5c00000,0x00000000d5c00000,0x00000000d6080000)
 ParOldGen       total 159232K, used 159183K [0x0000000080000000, 0x0000000089b80000, 0x00000000d5580000)
  object space 159232K, 99% used [0x0000000080000000,0x0000000089b73c08,0x0000000089b80000)
 Metaspace       used 72880K, committed 74560K, reserved 1179648K
  class space    used 7559K, committed 8384K, reserved 1048576K
GC Heap History (20 events):
Event: 1020.401 GC heap before
{Heap before GC invocations=102 (full 3):
 PSYoungGen      total 14336K, used 13866K [0x00000000d5580000, 0x00000000d6700000, 0x0000000100000000)
  eden space 12800K, 100% used [0x00000000d5580000,0x00000000d6200000,0x00000000d6200000)
  from space 1536K, 69% used [0x00000000d6580000,0x00000000d668a910,0x00000000d6700000)
  to   space 1536K, 0% used [0x00000000d6400000,0x00000000d6400000,0x00000000d6580000)
 ParOldGen       total 89088K, used 88995K [0x0000000080000000, 0x0000000085700000, 0x00000000d5580000)
  object space 89088K, 99% used [0x0000000080000000,0x00000000856e8d28,0x0000000085700000)
 Metaspace       used 72548K, committed 74304K, reserved 1179648K
  class space    used 7533K, committed 8320K, reserved 1048576K
}
Event: 1020.411 GC heap after
{Heap after GC invocations=102 (full 3):
 PSYoungGen      total 14336K, used 1508K [0x00000000d5580000, 0x00000000d7000000, 0x0000000100000000)
  eden space 12800K, 0% used [0x00000000d5580000,0x00000000d5580000,0x00000000d6200000)
  from space 1536K, 98% used [0x00000000d6400000,0x00000000d65791b0,0x00000000d6580000)
  to   space 7168K, 0% used [0x00000000d6900000,0x00000000d6900000,0x00000000d7000000)
 ParOldGen       total 93696K, used 93503K [0x0000000080000000, 0x0000000085b80000, 0x00000000d5580000)
  object space 93696K, 99% used [0x0000000080000000,0x0000000085b4fc18,0x0000000085b80000)
 Metaspace       used 72548K, committed 74304K, reserved 1179648K
  class space    used 7533K, committed 8320K, reserved 1048576K
}
Event: 1020.530 GC heap before
{Heap before GC invocations=103 (full 3):
 PSYoungGen      total 14336K, used 14116K [0x00000000d5580000, 0x00000000d7000000, 0x0000000100000000)
  eden space 12800K, 98% used [0x00000000d5580000,0x00000000d61d01e8,0x00000000d6200000)
  from space 1536K, 98% used [0x00000000d6400000,0x00000000d65791b0,0x00000000d6580000)
  to   space 7168K, 0% used [0x00000000d6900000,0x00000000d6900000,0x00000000d7000000)
 ParOldGen       total 93696K, used 93503K [0x0000000080000000, 0x0000000085b80000, 0x00000000d5580000)
  object space 93696K, 99% used [0x0000000080000000,0x0000000085b4fc18,0x0000000085b80000)
 Metaspace       used 72665K, committed 74368K, reserved 1179648K
  class space    used 7539K, committed 8320K, reserved 1048576K
}
Event: 1020.551 GC heap after
{Heap after GC invocations=103 (full 3):
 PSYoungGen      total 12288K, used 7143K [0x00000000d5580000, 0x00000000d7f00000, 0x0000000100000000)
  eden space 5120K, 0% used [0x00000000d5580000,0x00000000d5580000,0x00000000d5a80000)
  from space 7168K, 99% used [0x00000000d6900000,0x00000000d6ff9db8,0x00000000d7000000)
  to   space 14848K, 0% used [0x00000000d5a80000,0x00000000d5a80000,0x00000000d6900000)
 ParOldGen       total 99840K, used 99479K [0x0000000080000000, 0x0000000086180000, 0x00000000d5580000)
  object space 99840K, 99% used [0x0000000080000000,0x0000000086125f88,0x0000000086180000)
 Metaspace       used 72665K, committed 74368K, reserved 1179648K
  class space    used 7539K, committed 8320K, reserved 1048576K
}
Event: 1020.590 GC heap before
{Heap before GC invocations=104 (full 3):
 PSYoungGen      total 12288K, used 12238K [0x00000000d5580000, 0x00000000d7f00000, 0x0000000100000000)
  eden space 5120K, 99% used [0x00000000d5580000,0x00000000d5a79cd8,0x00000000d5a80000)
  from space 7168K, 99% used [0x00000000d6900000,0x00000000d6ff9db8,0x00000000d7000000)
  to   space 14848K, 0% used [0x00000000d5a80000,0x00000000d5a80000,0x00000000d6900000)
 ParOldGen       total 99840K, used 99479K [0x0000000080000000, 0x0000000086180000, 0x00000000d5580000)
  object space 99840K, 99% used [0x0000000080000000,0x0000000086125f88,0x0000000086180000)
 Metaspace       used 72665K, committed 74368K, reserved 1179648K
  class space    used 7539K, committed 8320K, reserved 1048576K
}
Event: 1020.609 GC heap after
{Heap after GC invocations=104 (full 3):
 PSYoungGen      total 10752K, used 5253K [0x00000000d5580000, 0x00000000d6a80000, 0x0000000100000000)
  eden space 5120K, 0% used [0x00000000d5580000,0x00000000d5580000,0x00000000d5a80000)
  from space 5632K, 93% used [0x00000000d5a80000,0x00000000d5fa1420,0x00000000d6000000)
  to   space 8192K, 0% used [0x00000000d6280000,0x00000000d6280000,0x00000000d6a80000)
 ParOldGen       total 107008K, used 106697K [0x0000000080000000, 0x0000000086880000, 0x00000000d5580000)
  object space 107008K, 99% used [0x0000000080000000,0x0000000086832508,0x0000000086880000)
 Metaspace       used 72665K, committed 74368K, reserved 1179648K
  class space    used 7539K, committed 8320K, reserved 1048576K
}
Event: 1020.673 GC heap before
{Heap before GC invocations=105 (full 3):
 PSYoungGen      total 10752K, used 10365K [0x00000000d5580000, 0x00000000d6a80000, 0x0000000100000000)
  eden space 5120K, 99% used [0x00000000d5580000,0x00000000d5a7e350,0x00000000d5a80000)
  from space 5632K, 93% used [0x00000000d5a80000,0x00000000d5fa1420,0x00000000d6000000)
  to   space 8192K, 0% used [0x00000000d6280000,0x00000000d6280000,0x00000000d6a80000)
 ParOldGen       total 107008K, used 106697K [0x0000000080000000, 0x0000000086880000, 0x00000000d5580000)
  object space 107008K, 99% used [0x0000000080000000,0x0000000086832508,0x0000000086880000)
 Metaspace       used 72668K, committed 74368K, reserved 1179648K
  class space    used 7539K, committed 8320K, reserved 1048576K
}
Event: 1020.687 GC heap after
{Heap after GC invocations=105 (full 3):
 PSYoungGen      total 7680K, used 2321K [0x00000000d5580000, 0x00000000d6500000, 0x0000000100000000)
  eden space 5120K, 0% used [0x00000000d5580000,0x00000000d5580000,0x00000000d5a80000)
  from space 2560K, 90% used [0x00000000d6280000,0x00000000d64c4740,0x00000000d6500000)
  to   space 4096K, 0% used [0x00000000d5d00000,0x00000000d5d00000,0x00000000d6100000)
 ParOldGen       total 112128K, used 111740K [0x0000000080000000, 0x0000000086d80000, 0x00000000d5580000)
  object space 112128K, 99% used [0x0000000080000000,0x0000000086d1f0c0,0x0000000086d80000)
 Metaspace       used 72668K, committed 74368K, reserved 1179648K
  class space    used 7539K, committed 8320K, reserved 1048576K
}
Event: 1020.887 GC heap before
{Heap before GC invocations=106 (full 3):
 PSYoungGen      total 7680K, used 7147K [0x00000000d5580000, 0x00000000d6500000, 0x0000000100000000)
  eden space 5120K, 94% used [0x00000000d5580000,0x00000000d5a364c8,0x00000000d5a80000)
  from space 2560K, 90% used [0x00000000d6280000,0x00000000d64c4740,0x00000000d6500000)
  to   space 4096K, 0% used [0x00000000d5d00000,0x00000000d5d00000,0x00000000d6100000)
 ParOldGen       total 112128K, used 111740K [0x0000000080000000, 0x0000000086d80000, 0x00000000d5580000)
  object space 112128K, 99% used [0x0000000080000000,0x0000000086d1f0c0,0x0000000086d80000)
 Metaspace       used 72763K, committed 74496K, reserved 1179648K
  class space    used 7553K, committed 8384K, reserved 1048576K
}
Event: 1020.892 GC heap after
{Heap after GC invocations=106 (full 3):
 PSYoungGen      total 9216K, used 955K [0x00000000d5580000, 0x00000000d6300000, 0x0000000100000000)
  eden space 5120K, 0% used [0x00000000d5580000,0x00000000d5580000,0x00000000d5a80000)
  from space 4096K, 23% used [0x00000000d5d00000,0x00000000d5deeea0,0x00000000d6100000)
  to   space 2048K, 0% used [0x00000000d6100000,0x00000000d6100000,0x00000000d6300000)
 ParOldGen       total 113664K, used 113332K [0x0000000080000000, 0x0000000086f00000, 0x00000000d5580000)
  object space 113664K, 99% used [0x0000000080000000,0x0000000086ead0e0,0x0000000086f00000)
 Metaspace       used 72763K, committed 74496K, reserved 1179648K
  class space    used 7553K, committed 8384K, reserved 1048576K
}
Event: 1020.948 GC heap before
{Heap before GC invocations=107 (full 3):
 PSYoungGen      total 9216K, used 6075K [0x00000000d5580000, 0x00000000d6300000, 0x0000000100000000)
  eden space 5120K, 100% used [0x00000000d5580000,0x00000000d5a80000,0x00000000d5a80000)
  from space 4096K, 23% used [0x00000000d5d00000,0x00000000d5deeea0,0x00000000d6100000)
  to   space 2048K, 0% used [0x00000000d6100000,0x00000000d6100000,0x00000000d6300000)
 ParOldGen       total 113664K, used 113332K [0x0000000080000000, 0x0000000086f00000, 0x00000000d5580000)
  object space 113664K, 99% used [0x0000000080000000,0x0000000086ead0e0,0x0000000086f00000)
 Metaspace       used 72764K, committed 74496K, reserved 1179648K
  class space    used 7553K, committed 8384K, reserved 1048576K
}
Event: 1020.960 GC heap after
{Heap after GC invocations=107 (full 3):
 PSYoungGen      total 7168K, used 2043K [0x00000000d5580000, 0x00000000d6780000, 0x0000000100000000)
  eden space 5120K, 0% used [0x00000000d5580000,0x00000000d5580000,0x00000000d5a80000)
  from space 2048K, 99% used [0x00000000d6100000,0x00000000d62feea0,0x00000000d6300000)
  to   space 6656K, 0% used [0x00000000d5a80000,0x00000000d5a80000,0x00000000d6100000)
 ParOldGen       total 117248K, used 117089K [0x0000000080000000, 0x0000000087280000, 0x00000000d5580000)
  object space 117248K, 99% used [0x0000000080000000,0x0000000087258448,0x0000000087280000)
 Metaspace       used 72764K, committed 74496K, reserved 1179648K
  class space    used 7553K, committed 8384K, reserved 1048576K
}
Event: 1021.047 GC heap before
{Heap before GC invocations=108 (full 3):
 PSYoungGen      total 7168K, used 7163K [0x00000000d5580000, 0x00000000d6780000, 0x0000000100000000)
  eden space 5120K, 100% used [0x00000000d5580000,0x00000000d5a80000,0x00000000d5a80000)
  from space 2048K, 99% used [0x00000000d6100000,0x00000000d62feea0,0x00000000d6300000)
  to   space 6656K, 0% used [0x00000000d5a80000,0x00000000d5a80000,0x00000000d6100000)
 ParOldGen       total 117248K, used 117089K [0x0000000080000000, 0x0000000087280000, 0x00000000d5580000)
  object space 117248K, 99% used [0x0000000080000000,0x0000000087258448,0x0000000087280000)
 Metaspace       used 72804K, committed 74560K, reserved 1179648K
  class space    used 7557K, committed 8384K, reserved 1048576K
}
Event: 1021.057 GC heap after
{Heap after GC invocations=108 (full 3):
 PSYoungGen      total 9728K, used 4224K [0x00000000d5580000, 0x00000000d6480000, 0x0000000100000000)
  eden space 5120K, 0% used [0x00000000d5580000,0x00000000d5580000,0x00000000d5a80000)
  from space 4608K, 91% used [0x00000000d5a80000,0x00000000d5ea0000,0x00000000d5f00000)
  to   space 5120K, 0% used [0x00000000d5f80000,0x00000000d5f80000,0x00000000d6480000)
 ParOldGen       total 119296K, used 119188K [0x0000000080000000, 0x0000000087480000, 0x00000000d5580000)
  object space 119296K, 99% used [0x0000000080000000,0x00000000874652e8,0x0000000087480000)
 Metaspace       used 72804K, committed 74560K, reserved 1179648K
  class space    used 7557K, committed 8384K, reserved 1048576K
}
Event: 1021.330 GC heap before
{Heap before GC invocations=109 (full 3):
 PSYoungGen      total 9728K, used 9344K [0x00000000d5580000, 0x00000000d6480000, 0x0000000100000000)
  eden space 5120K, 100% used [0x00000000d5580000,0x00000000d5a80000,0x00000000d5a80000)
  from space 4608K, 91% used [0x00000000d5a80000,0x00000000d5ea0000,0x00000000d5f00000)
  to   space 5120K, 0% used [0x00000000d5f80000,0x00000000d5f80000,0x00000000d6480000)
 ParOldGen       total 151040K, used 149908K [0x0000000080000000, 0x0000000089380000, 0x00000000d5580000)
  object space 151040K, 99% used [0x0000000080000000,0x0000000089265318,0x0000000089380000)
 Metaspace       used 72850K, committed 74560K, reserved 1179648K
  class space    used 7557K, committed 8384K, reserved 1048576K
}
Event: 1021.342 GC heap after
{Heap after GC invocations=109 (full 3):
 PSYoungGen      total 7168K, used 1952K [0x00000000d5580000, 0x00000000d6180000, 0x0000000100000000)
  eden space 5120K, 0% used [0x00000000d5580000,0x00000000d5580000,0x00000000d5a80000)
  from space 2048K, 95% used [0x00000000d5f80000,0x00000000d6168000,0x00000000d6180000)
  to   space 3072K, 0% used [0x00000000d5b80000,0x00000000d5b80000,0x00000000d5e80000)
 ParOldGen       total 153600K, used 153492K [0x0000000080000000, 0x0000000089600000, 0x00000000d5580000)
  object space 153600K, 99% used [0x0000000080000000,0x00000000895e5318,0x0000000089600000)
 Metaspace       used 72850K, committed 74560K, reserved 1179648K
  class space    used 7557K, committed 8384K, reserved 1048576K
}
Event: 1021.479 GC heap before
{Heap before GC invocations=110 (full 3):
 PSYoungGen      total 7168K, used 6877K [0x00000000d5580000, 0x00000000d6180000, 0x0000000100000000)
  eden space 5120K, 96% used [0x00000000d5580000,0x00000000d5a4f5f8,0x00000000d5a80000)
  from space 2048K, 95% used [0x00000000d5f80000,0x00000000d6168000,0x00000000d6180000)
  to   space 3072K, 0% used [0x00000000d5b80000,0x00000000d5b80000,0x00000000d5e80000)
 ParOldGen       total 153600K, used 153492K [0x0000000080000000, 0x0000000089600000, 0x00000000d5580000)
  object space 153600K, 99% used [0x0000000080000000,0x00000000895e5318,0x0000000089600000)
 Metaspace       used 72861K, committed 74560K, reserved 1179648K
  class space    used 7557K, committed 8384K, reserved 1048576K
}
Event: 1021.485 GC heap after
{Heap after GC invocations=110 (full 3):
 PSYoungGen      total 8192K, used 3058K [0x00000000d5580000, 0x00000000d6780000, 0x0000000100000000)
  eden space 5120K, 0% used [0x00000000d5580000,0x00000000d5580000,0x00000000d5a80000)
  from space 3072K, 99% used [0x00000000d5b80000,0x00000000d5e7cb88,0x00000000d5e80000)
  to   space 6656K, 0% used [0x00000000d6100000,0x00000000d6100000,0x00000000d6780000)
 ParOldGen       total 156160K, used 156153K [0x0000000080000000, 0x0000000089880000, 0x00000000d5580000)
  object space 156160K, 99% used [0x0000000080000000,0x000000008987e508,0x0000000089880000)
 Metaspace       used 72861K, committed 74560K, reserved 1179648K
  class space    used 7557K, committed 8384K, reserved 1048576K
}
Event: 1021.547 GC heap before
{Heap before GC invocations=111 (full 3):
 PSYoungGen      total 8192K, used 8178K [0x00000000d5580000, 0x00000000d6780000, 0x0000000100000000)
  eden space 5120K, 100% used [0x00000000d5580000,0x00000000d5a80000,0x00000000d5a80000)
  from space 3072K, 99% used [0x00000000d5b80000,0x00000000d5e7cb88,0x00000000d5e80000)
  to   space 6656K, 0% used [0x00000000d6100000,0x00000000d6100000,0x00000000d6780000)
 ParOldGen       total 156160K, used 156153K [0x0000000080000000, 0x0000000089880000, 0x00000000d5580000)
  object space 156160K, 99% used [0x0000000080000000,0x000000008987e508,0x0000000089880000)
 Metaspace       used 72873K, committed 74560K, reserved 1179648K
  class space    used 7559K, committed 8384K, reserved 1048576K
}
Event: 1021.557 GC heap after
{Heap after GC invocations=111 (full 3):
 PSYoungGen      total 9216K, used 3650K [0x00000000d5580000, 0x00000000d6500000, 0x0000000100000000)
  eden space 5120K, 0% used [0x00000000d5580000,0x00000000d5580000,0x00000000d5a80000)
  from space 4096K, 89% used [0x00000000d6100000,0x00000000d6490910,0x00000000d6500000)
  to   space 4608K, 0% used [0x00000000d5c00000,0x00000000d5c00000,0x00000000d6080000)
 ParOldGen       total 159232K, used 159183K [0x0000000080000000, 0x0000000089b80000, 0x00000000d5580000)
  object space 159232K, 99% used [0x0000000080000000,0x0000000089b73c08,0x0000000089b80000)
 Metaspace       used 72873K, committed 74560K, reserved 1179648K
  class space    used 7559K, committed 8384K, reserved 1048576K
}

