# JRE version: OpenJDK Runtime Environment Temurin-21.0.8+9 (21.0.8+9) (build 21.0.8+9-LTS)
# Java VM: OpenJDK 64-Bit Server VM Temurin-21.0.8+9 (21.0.8+9-LTS, mixed mode, sharing, tiered, compressed oops, compressed class ptrs, parallel gc, windows-amd64)
GC Precious Log:
 CardTable entry size: 512
 CPUs: 12 total, 12 available
 Memory: 7967M
 Large Page Support: Disabled
 NUMA Support: Disabled
 Compressed Oops: Enabled (32-bit)
 Alignments: Space 512K, Generation 512K, Heap 2M
 Heap Min Capacity: 100M
 Heap Initial Capacity: 100M
 Heap Max Capacity: 2G
 Pre-touch: Disabled
 Parallel Workers: 10
Heap:
 PSYoungGen      total 3584K, used 1193K [0x00000000d5580000, 0x00000000d5b80000, 0x0000000100000000)
  eden space 2560K, 6% used [0x00000000d5580000,0x00000000d55aa6f0,0x00000000d5800000)
  from space 1024K, 100% used [0x00000000d5800000,0x00000000d5900000,0x00000000d5900000)
  to   space 1536K, 0% used [0x00000000d5a00000,0x00000000d5a00000,0x00000000d5b80000)
 ParOldGen       total 755200K, used 250962K [0x0000000080000000, 0x00000000ae180000, 0x00000000d5580000)
  object space 755200K, 33% used [0x0000000080000000,0x000000008f514968,0x00000000ae180000)
 Metaspace       used 84583K, committed 86464K, reserved 1179648K
  class space    used 8402K, committed 9216K, reserved 1048576K
GC Heap History (20 events):
Event: 802.374 GC heap before
{Heap before GC invocations=1203 (full 5):
 PSYoungGen      total 3072K, used 2496K [0x00000000d5580000, 0x00000000d5980000, 0x0000000100000000)
  eden space 2048K, 100% used [0x00000000d5580000,0x00000000d5780000,0x00000000d5780000)
  from space 1024K, 43% used [0x00000000d5780000,0x00000000d57f0000,0x00000000d5880000)
  to   space 1024K, 0% used [0x00000000d5880000,0x00000000d5880000,0x00000000d5980000)
 ParOldGen       total 755200K, used 246016K [0x0000000080000000, 0x00000000ae180000, 0x00000000d5580000)
  object space 755200K, 32% used [0x0000000080000000,0x000000008f040080,0x00000000ae180000)
 Metaspace       used 84541K, committed 86400K, reserved 1179648K
  class space    used 8398K, committed 9216K, reserved 1048576K
}
Event: 802.375 GC heap after
{Heap after GC invocations=1203 (full 5):
 PSYoungGen      total 3072K, used 704K [0x00000000d5580000, 0x00000000d5980000, 0x0000000100000000)
  eden space 2048K, 0% used [0x00000000d5580000,0x00000000d5580000,0x00000000d5780000)
  from space 1024K, 68% used [0x00000000d5880000,0x00000000d5930020,0x00000000d5980000)
  to   space 1024K, 0% used [0x00000000d5780000,0x00000000d5780000,0x00000000d5880000)
 ParOldGen       total 755200K, used 246424K [0x0000000080000000, 0x00000000ae180000, 0x00000000d5580000)
  object space 755200K, 32% used [0x0000000080000000,0x000000008f0a6090,0x00000000ae180000)
 Metaspace       used 84541K, committed 86400K, reserved 1179648K
  class space    used 8398K, committed 9216K, reserved 1048576K
}
Event: 802.384 GC heap before
{Heap before GC invocations=1204 (full 5):
 PSYoungGen      total 3072K, used 2749K [0x00000000d5580000, 0x00000000d5980000, 0x0000000100000000)
  eden space 2048K, 99% used [0x00000000d5580000,0x00000000d577f4a8,0x00000000d5780000)
  from space 1024K, 68% used [0x00000000d5880000,0x00000000d5930020,0x00000000d5980000)
  to   space 1024K, 0% used [0x00000000d5780000,0x00000000d5780000,0x00000000d5880000)
 ParOldGen       total 755200K, used 246424K [0x0000000080000000, 0x00000000ae180000, 0x00000000d5580000)
  object space 755200K, 32% used [0x0000000080000000,0x000000008f0a6090,0x00000000ae180000)
 Metaspace       used 84545K, committed 86400K, reserved 1179648K
  class space    used 8399K, committed 9216K, reserved 1048576K
}
Event: 802.386 GC heap after
{Heap after GC invocations=1204 (full 5):
 PSYoungGen      total 3072K, used 676K [0x00000000d5580000, 0x00000000d5980000, 0x0000000100000000)
  eden space 2048K, 0% used [0x00000000d5580000,0x00000000d5580000,0x00000000d5780000)
  from space 1024K, 66% used [0x00000000d5780000,0x00000000d5829248,0x00000000d5880000)
  to   space 1024K, 0% used [0x00000000d5880000,0x00000000d5880000,0x00000000d5980000)
 ParOldGen       total 755200K, used 246988K [0x0000000080000000, 0x00000000ae180000, 0x00000000d5580000)
  object space 755200K, 32% used [0x0000000080000000,0x000000008f133390,0x00000000ae180000)
 Metaspace       used 84545K, committed 86400K, reserved 1179648K
  class space    used 8399K, committed 9216K, reserved 1048576K
}
Event: 802.392 GC heap before
{Heap before GC invocations=1205 (full 5):
 PSYoungGen      total 3072K, used 2724K [0x00000000d5580000, 0x00000000d5980000, 0x0000000100000000)
  eden space 2048K, 100% used [0x00000000d5580000,0x00000000d5780000,0x00000000d5780000)
  from space 1024K, 66% used [0x00000000d5780000,0x00000000d5829248,0x00000000d5880000)
  to   space 1024K, 0% used [0x00000000d5880000,0x00000000d5880000,0x00000000d5980000)
 ParOldGen       total 755200K, used 246988K [0x0000000080000000, 0x00000000ae180000, 0x00000000d5580000)
  object space 755200K, 32% used [0x0000000080000000,0x000000008f133390,0x00000000ae180000)
 Metaspace       used 84545K, committed 86400K, reserved 1179648K
  class space    used 8399K, committed 9216K, reserved 1048576K
}
Event: 802.394 GC heap after
{Heap after GC invocations=1205 (full 5):
 PSYoungGen      total 3072K, used 800K [0x00000000d5580000, 0x00000000d5980000, 0x0000000100000000)
  eden space 2048K, 0% used [0x00000000d5580000,0x00000000d5580000,0x00000000d5780000)
  from space 1024K, 78% used [0x00000000d5880000,0x00000000d5948000,0x00000000d5980000)
  to   space 1024K, 0% used [0x00000000d5780000,0x00000000d5780000,0x00000000d5880000)
 ParOldGen       total 755200K, used 247615K [0x0000000080000000, 0x00000000ae180000, 0x00000000d5580000)
  object space 755200K, 32% used [0x0000000080000000,0x000000008f1cfc80,0x00000000ae180000)
 Metaspace       used 84545K, committed 86400K, reserved 1179648K
  class space    used 8399K, committed 9216K, reserved 1048576K
}
Event: 802.400 GC heap before
{Heap before GC invocations=1206 (full 5):
 PSYoungGen      total 3072K, used 2848K [0x00000000d5580000, 0x00000000d5980000, 0x0000000100000000)
  eden space 2048K, 100% used [0x00000000d5580000,0x00000000d5780000,0x00000000d5780000)
  from space 1024K, 78% used [0x00000000d5880000,0x00000000d5948000,0x00000000d5980000)
  to   space 1024K, 0% used [0x00000000d5780000,0x00000000d5780000,0x00000000d5880000)
 ParOldGen       total 755200K, used 247615K [0x0000000080000000, 0x00000000ae180000, 0x00000000d5580000)
  object space 755200K, 32% used [0x0000000080000000,0x000000008f1cfcb8,0x00000000ae180000)
 Metaspace       used 84548K, committed 86400K, reserved 1179648K
  class space    used 8400K, committed 9216K, reserved 1048576K
}
Event: 802.402 GC heap after
{Heap after GC invocations=1206 (full 5):
 PSYoungGen      total 3072K, used 660K [0x00000000d5580000, 0x00000000d5980000, 0x0000000100000000)
  eden space 2048K, 0% used [0x00000000d5580000,0x00000000d5580000,0x00000000d5780000)
  from space 1024K, 64% used [0x00000000d5780000,0x00000000d5825200,0x00000000d5880000)
  to   space 1024K, 0% used [0x00000000d5880000,0x00000000d5880000,0x00000000d5980000)
 ParOldGen       total 755200K, used 248335K [0x0000000080000000, 0x00000000ae180000, 0x00000000d5580000)
  object space 755200K, 32% used [0x0000000080000000,0x000000008f283eb8,0x00000000ae180000)
 Metaspace       used 84548K, committed 86400K, reserved 1179648K
  class space    used 8400K, committed 9216K, reserved 1048576K
}
Event: 802.408 GC heap before
{Heap before GC invocations=1207 (full 5):
 PSYoungGen      total 3072K, used 2708K [0x00000000d5580000, 0x00000000d5980000, 0x0000000100000000)
  eden space 2048K, 100% used [0x00000000d5580000,0x00000000d5780000,0x00000000d5780000)
  from space 1024K, 64% used [0x00000000d5780000,0x00000000d5825200,0x00000000d5880000)
  to   space 1024K, 0% used [0x00000000d5880000,0x00000000d5880000,0x00000000d5980000)
 ParOldGen       total 755200K, used 248337K [0x0000000080000000, 0x00000000ae180000, 0x00000000d5580000)
  object space 755200K, 32% used [0x0000000080000000,0x000000008f284750,0x00000000ae180000)
 Metaspace       used 84549K, committed 86400K, reserved 1179648K
  class space    used 8401K, committed 9216K, reserved 1048576K
}
Event: 802.409 GC heap after
{Heap after GC invocations=1207 (full 5):
 PSYoungGen      total 3072K, used 576K [0x00000000d5580000, 0x00000000d5980000, 0x0000000100000000)
  eden space 2048K, 0% used [0x00000000d5580000,0x00000000d5580000,0x00000000d5780000)
  from space 1024K, 56% used [0x00000000d5880000,0x00000000d5910000,0x00000000d5980000)
  to   space 1024K, 0% used [0x00000000d5780000,0x00000000d5780000,0x00000000d5880000)
 ParOldGen       total 755200K, used 248754K [0x0000000080000000, 0x00000000ae180000, 0x00000000d5580000)
  object space 755200K, 32% used [0x0000000080000000,0x000000008f2ecb30,0x00000000ae180000)
 Metaspace       used 84549K, committed 86400K, reserved 1179648K
  class space    used 8401K, committed 9216K, reserved 1048576K
}
Event: 802.413 GC heap before
{Heap before GC invocations=1208 (full 5):
 PSYoungGen      total 3072K, used 2624K [0x00000000d5580000, 0x00000000d5980000, 0x0000000100000000)
  eden space 2048K, 100% used [0x00000000d5580000,0x00000000d5780000,0x00000000d5780000)
  from space 1024K, 56% used [0x00000000d5880000,0x00000000d5910000,0x00000000d5980000)
  to   space 1024K, 0% used [0x00000000d5780000,0x00000000d5780000,0x00000000d5880000)
 ParOldGen       total 755200K, used 248754K [0x0000000080000000, 0x00000000ae180000, 0x00000000d5580000)
  object space 755200K, 32% used [0x0000000080000000,0x000000008f2ecb30,0x00000000ae180000)
 Metaspace       used 84549K, committed 86400K, reserved 1179648K
  class space    used 8401K, committed 9216K, reserved 1048576K
}
Event: 802.415 GC heap after
{Heap after GC invocations=1208 (full 5):
 PSYoungGen      total 3072K, used 480K [0x00000000d5580000, 0x00000000d5a00000, 0x0000000100000000)
  eden space 2048K, 0% used [0x00000000d5580000,0x00000000d5580000,0x00000000d5780000)
  from space 1024K, 46% used [0x00000000d5780000,0x00000000d57f8000,0x00000000d5880000)
  to   space 1024K, 0% used [0x00000000d5900000,0x00000000d5900000,0x00000000d5a00000)
 ParOldGen       total 755200K, used 249161K [0x0000000080000000, 0x00000000ae180000, 0x00000000d5580000)
  object space 755200K, 32% used [0x0000000080000000,0x000000008f3525e0,0x00000000ae180000)
 Metaspace       used 84549K, committed 86400K, reserved 1179648K
  class space    used 8401K, committed 9216K, reserved 1048576K
}
Event: 802.427 GC heap before
{Heap before GC invocations=1209 (full 5):
 PSYoungGen      total 3072K, used 2528K [0x00000000d5580000, 0x00000000d5a00000, 0x0000000100000000)
  eden space 2048K, 100% used [0x00000000d5580000,0x00000000d5780000,0x00000000d5780000)
  from space 1024K, 46% used [0x00000000d5780000,0x00000000d57f8000,0x00000000d5880000)
  to   space 1024K, 0% used [0x00000000d5900000,0x00000000d5900000,0x00000000d5a00000)
 ParOldGen       total 755200K, used 249161K [0x0000000080000000, 0x00000000ae180000, 0x00000000d5580000)
  object space 755200K, 32% used [0x0000000080000000,0x000000008f3525e0,0x00000000ae180000)
 Metaspace       used 84574K, committed 86400K, reserved 1179648K
  class space    used 8402K, committed 9216K, reserved 1048576K
}
Event: 802.429 GC heap after
{Heap after GC invocations=1209 (full 5):
 PSYoungGen      total 2560K, used 512K [0x00000000d5580000, 0x00000000d5980000, 0x0000000100000000)
  eden space 2048K, 0% used [0x00000000d5580000,0x00000000d5580000,0x00000000d5780000)
  from space 512K, 100% used [0x00000000d5900000,0x00000000d5980000,0x00000000d5980000)
  to   space 1024K, 0% used [0x00000000d5780000,0x00000000d5780000,0x00000000d5880000)
 ParOldGen       total 755200K, used 249502K [0x0000000080000000, 0x00000000ae180000, 0x00000000d5580000)
  object space 755200K, 33% used [0x0000000080000000,0x000000008f3a7918,0x00000000ae180000)
 Metaspace       used 84574K, committed 86400K, reserved 1179648K
  class space    used 8402K, committed 9216K, reserved 1048576K
}
Event: 802.433 GC heap before
{Heap before GC invocations=1210 (full 5):
 PSYoungGen      total 2560K, used 2560K [0x00000000d5580000, 0x00000000d5980000, 0x0000000100000000)
  eden space 2048K, 100% used [0x00000000d5580000,0x00000000d5780000,0x00000000d5780000)
  from space 512K, 100% used [0x00000000d5900000,0x00000000d5980000,0x00000000d5980000)
  to   space 1024K, 0% used [0x00000000d5780000,0x00000000d5780000,0x00000000d5880000)
 ParOldGen       total 755200K, used 249502K [0x0000000080000000, 0x00000000ae180000, 0x00000000d5580000)
  object space 755200K, 33% used [0x0000000080000000,0x000000008f3a7918,0x00000000ae180000)
 Metaspace       used 84576K, committed 86400K, reserved 1179648K
  class space    used 8402K, committed 9216K, reserved 1048576K
}
Event: 802.435 GC heap after
{Heap after GC invocations=1210 (full 5):
 PSYoungGen      total 3072K, used 784K [0x00000000d5580000, 0x00000000d5a00000, 0x0000000100000000)
  eden space 2048K, 0% used [0x00000000d5580000,0x00000000d5580000,0x00000000d5780000)
  from space 1024K, 76% used [0x00000000d5780000,0x00000000d5844010,0x00000000d5880000)
  to   space 1024K, 0% used [0x00000000d5900000,0x00000000d5900000,0x00000000d5a00000)
 ParOldGen       total 755200K, used 249902K [0x0000000080000000, 0x00000000ae180000, 0x00000000d5580000)
  object space 755200K, 33% used [0x0000000080000000,0x000000008f40b918,0x00000000ae180000)
 Metaspace       used 84576K, committed 86400K, reserved 1179648K
  class space    used 8402K, committed 9216K, reserved 1048576K
}
Event: 802.438 GC heap before
{Heap before GC invocations=1211 (full 5):
 PSYoungGen      total 3072K, used 2832K [0x00000000d5580000, 0x00000000d5a00000, 0x0000000100000000)
  eden space 2048K, 100% used [0x00000000d5580000,0x00000000d5780000,0x00000000d5780000)
  from space 1024K, 76% used [0x00000000d5780000,0x00000000d5844010,0x00000000d5880000)
  to   space 1024K, 0% used [0x00000000d5900000,0x00000000d5900000,0x00000000d5a00000)
 ParOldGen       total 755200K, used 249902K [0x0000000080000000, 0x00000000ae180000, 0x00000000d5580000)
  object space 755200K, 33% used [0x0000000080000000,0x000000008f40b918,0x00000000ae180000)
 Metaspace       used 84577K, committed 86400K, reserved 1179648K
  class space    used 8402K, committed 9216K, reserved 1048576K
}
Event: 802.440 GC heap after
{Heap after GC invocations=1211 (full 5):
 PSYoungGen      total 3584K, used 544K [0x00000000d5580000, 0x00000000d5a00000, 0x0000000100000000)
  eden space 2560K, 0% used [0x00000000d5580000,0x00000000d5580000,0x00000000d5800000)
  from space 1024K, 53% used [0x00000000d5900000,0x00000000d5988000,0x00000000d5a00000)
  to   space 1024K, 0% used [0x00000000d5800000,0x00000000d5800000,0x00000000d5900000)
 ParOldGen       total 755200K, used 250494K [0x0000000080000000, 0x00000000ae180000, 0x00000000d5580000)
  object space 755200K, 33% used [0x0000000080000000,0x000000008f49f928,0x00000000ae180000)
 Metaspace       used 84577K, committed 86400K, reserved 1179648K
  class space    used 8402K, committed 9216K, reserved 1048576K
}
Event: 802.454 GC heap before
{Heap before GC invocations=1212 (full 5):
 PSYoungGen      total 3584K, used 3104K [0x00000000d5580000, 0x00000000d5a00000, 0x0000000100000000)
  eden space 2560K, 100% used [0x00000000d5580000,0x00000000d5800000,0x00000000d5800000)
  from space 1024K, 53% used [0x00000000d5900000,0x00000000d5988000,0x00000000d5a00000)
  to   space 1024K, 0% used [0x00000000d5800000,0x00000000d5800000,0x00000000d5900000)
 ParOldGen       total 755200K, used 250494K [0x0000000080000000, 0x00000000ae180000, 0x00000000d5580000)
  object space 755200K, 33% used [0x0000000080000000,0x000000008f49f928,0x00000000ae180000)
 Metaspace       used 84580K, committed 86400K, reserved 1179648K
  class space    used 8402K, committed 9216K, reserved 1048576K
}
Event: 802.457 GC heap after
{Heap after GC invocations=1212 (full 5):
 PSYoungGen      total 3584K, used 1024K [0x00000000d5580000, 0x00000000d5b80000, 0x0000000100000000)
  eden space 2560K, 0% used [0x00000000d5580000,0x00000000d5580000,0x00000000d5800000)
  from space 1024K, 100% used [0x00000000d5800000,0x00000000d5900000,0x00000000d5900000)
  to   space 1536K, 0% used [0x00000000d5a00000,0x00000000d5a00000,0x00000000d5b80000)
 ParOldGen       total 755200K, used 250962K [0x0000000080000000, 0x00000000ae180000, 0x00000000d5580000)
  object space 755200K, 33% used [0x0000000080000000,0x000000008f514968,0x00000000ae180000)
 Metaspace       used 84580K, committed 86400K, reserved 1179648K
  class space    used 8402K, committed 9216K, reserved 1048576K
}

