# JRE version: OpenJDK Runtime Environment Temurin-21.0.8+9 (21.0.8+9) (build 21.0.8+9-LTS)
# Java VM: OpenJDK 64-Bit Server VM Temurin-21.0.8+9 (21.0.8+9-LTS, mixed mode, sharing, tiered, compressed oops, compressed class ptrs, parallel gc, windows-amd64)
GC Precious Log:
 CardTable entry size: 512
 CPUs: 12 total, 12 available
 Memory: 7967M
 Large Page Support: Disabled
 NUMA Support: Disabled
 Compressed Oops: Enabled (32-bit)
 Alignments: Space 512K, Generation 512K, Heap 2M
 Heap Min Capacity: 100M
 Heap Initial Capacity: 100M
 Heap Max Capacity: 2G
 Pre-touch: Disabled
 Parallel Workers: 10
Heap:
 PSYoungGen      total 2048K, used 1476K [0x00000000d5580000, 0x00000000d5c00000, 0x0000000100000000)
  eden space 1536K, 64% used [0x00000000d5580000,0x00000000d5679230,0x00000000d5700000)
  from space 512K, 93% used [0x00000000d5700000,0x00000000d5778000,0x00000000d5780000)
  to   space 2048K, 0% used [0x00000000d5a00000,0x00000000d5a00000,0x00000000d5c00000)
 ParOldGen       total 1177088K, used 1177034K [0x0000000080000000, 0x00000000c7d80000, 0x00000000d5580000)
  object space 1177088K, 99% used [0x0000000080000000,0x00000000c7d72880,0x00000000c7d80000)
 Metaspace       used 75261K, committed 76992K, reserved 1179648K
  class space    used 7682K, committed 8448K, reserved 1048576K
GC Heap History (20 events):
Event: 2014.960 GC heap before
{Heap before GC invocations=445 (full 3):
 PSYoungGen      total 3584K, used 3558K [0x00000000d5580000, 0x00000000d5c00000, 0x0000000100000000)
  eden space 2560K, 100% used [0x00000000d5580000,0x00000000d5800000,0x00000000d5800000)
  from space 1024K, 97% used [0x00000000d5880000,0x00000000d5979920,0x00000000d5980000)
  to   space 2048K, 0% used [0x00000000d5a00000,0x00000000d5a00000,0x00000000d5c00000)
 ParOldGen       total 1161728K, used 1160714K [0x0000000080000000, 0x00000000c6e80000, 0x00000000d5580000)
  object space 1161728K, 99% used [0x0000000080000000,0x00000000c6d82848,0x00000000c6e80000)
 Metaspace       used 75249K, committed 76992K, reserved 1179648K
  class space    used 7682K, committed 8448K, reserved 1048576K
}
Event: 2014.965 GC heap after
{Heap after GC invocations=445 (full 3):
 PSYoungGen      total 3072K, used 2048K [0x00000000d5580000, 0x00000000d5f80000, 0x0000000100000000)
  eden space 1024K, 0% used [0x00000000d5580000,0x00000000d5580000,0x00000000d5680000)
  from space 2048K, 100% used [0x00000000d5a00000,0x00000000d5c00000,0x00000000d5c00000)
  to   space 3584K, 0% used [0x00000000d5680000,0x00000000d5680000,0x00000000d5a00000)
 ParOldGen       total 1162240K, used 1161760K [0x0000000080000000, 0x00000000c6f00000, 0x00000000d5580000)
  object space 1162240K, 99% used [0x0000000080000000,0x00000000c6e88168,0x00000000c6f00000)
 Metaspace       used 75249K, committed 76992K, reserved 1179648K
  class space    used 7682K, committed 8448K, reserved 1048576K
}
Event: 2014.968 GC heap before
{Heap before GC invocations=446 (full 3):
 PSYoungGen      total 3072K, used 3072K [0x00000000d5580000, 0x00000000d5f80000, 0x0000000100000000)
  eden space 1024K, 100% used [0x00000000d5580000,0x00000000d5680000,0x00000000d5680000)
  from space 2048K, 100% used [0x00000000d5a00000,0x00000000d5c00000,0x00000000d5c00000)
  to   space 3584K, 0% used [0x00000000d5680000,0x00000000d5680000,0x00000000d5a00000)
 ParOldGen       total 1162240K, used 1161760K [0x0000000080000000, 0x00000000c6f00000, 0x00000000d5580000)
  object space 1162240K, 99% used [0x0000000080000000,0x00000000c6e88168,0x00000000c6f00000)
 Metaspace       used 75249K, committed 76992K, reserved 1179648K
  class space    used 7682K, committed 8448K, reserved 1048576K
}
Event: 2014.974 GC heap after
{Heap after GC invocations=446 (full 3):
 PSYoungGen      total 2560K, used 1120K [0x00000000d5580000, 0x00000000d5b00000, 0x0000000100000000)
  eden space 1024K, 0% used [0x00000000d5580000,0x00000000d5580000,0x00000000d5680000)
  from space 1536K, 72% used [0x00000000d5680000,0x00000000d5798000,0x00000000d5800000)
  to   space 2048K, 0% used [0x00000000d5900000,0x00000000d5900000,0x00000000d5b00000)
 ParOldGen       total 1164288K, used 1163792K [0x0000000080000000, 0x00000000c7100000, 0x00000000d5580000)
  object space 1164288K, 99% used [0x0000000080000000,0x00000000c7084168,0x00000000c7100000)
 Metaspace       used 75249K, committed 76992K, reserved 1179648K
  class space    used 7682K, committed 8448K, reserved 1048576K
}
Event: 2014.978 GC heap before
{Heap before GC invocations=447 (full 3):
 PSYoungGen      total 2560K, used 2144K [0x00000000d5580000, 0x00000000d5b00000, 0x0000000100000000)
  eden space 1024K, 100% used [0x00000000d5580000,0x00000000d5680000,0x00000000d5680000)
  from space 1536K, 72% used [0x00000000d5680000,0x00000000d5798000,0x00000000d5800000)
  to   space 2048K, 0% used [0x00000000d5900000,0x00000000d5900000,0x00000000d5b00000)
 ParOldGen       total 1164288K, used 1163792K [0x0000000080000000, 0x00000000c7100000, 0x00000000d5580000)
  object space 1164288K, 99% used [0x0000000080000000,0x00000000c7084168,0x00000000c7100000)
 Metaspace       used 75249K, committed 76992K, reserved 1179648K
  class space    used 7682K, committed 8448K, reserved 1048576K
}
Event: 2014.983 GC heap after
{Heap after GC invocations=447 (full 3):
 PSYoungGen      total 3072K, used 1056K [0x00000000d5580000, 0x00000000d5a80000, 0x0000000100000000)
  eden space 1536K, 0% used [0x00000000d5580000,0x00000000d5580000,0x00000000d5700000)
  from space 1536K, 68% used [0x00000000d5900000,0x00000000d5a08000,0x00000000d5a80000)
  to   space 1536K, 0% used [0x00000000d5780000,0x00000000d5780000,0x00000000d5900000)
 ParOldGen       total 1164800K, used 1164776K [0x0000000080000000, 0x00000000c7180000, 0x00000000d5580000)
  object space 1164800K, 99% used [0x0000000080000000,0x00000000c717a168,0x00000000c7180000)
 Metaspace       used 75249K, committed 76992K, reserved 1179648K
  class space    used 7682K, committed 8448K, reserved 1048576K
}
Event: 2014.989 GC heap before
{Heap before GC invocations=448 (full 3):
 PSYoungGen      total 3072K, used 2592K [0x00000000d5580000, 0x00000000d5a80000, 0x0000000100000000)
  eden space 1536K, 100% used [0x00000000d5580000,0x00000000d5700000,0x00000000d5700000)
  from space 1536K, 68% used [0x00000000d5900000,0x00000000d5a08000,0x00000000d5a80000)
  to   space 1536K, 0% used [0x00000000d5780000,0x00000000d5780000,0x00000000d5900000)
 ParOldGen       total 1164800K, used 1164776K [0x0000000080000000, 0x00000000c7180000, 0x00000000d5580000)
  object space 1164800K, 99% used [0x0000000080000000,0x00000000c717a168,0x00000000c7180000)
 Metaspace       used 75249K, committed 76992K, reserved 1179648K
  class space    used 7682K, committed 8448K, reserved 1048576K
}
Event: 2014.993 GC heap after
{Heap after GC invocations=448 (full 3):
 PSYoungGen      total 3584K, used 1536K [0x00000000d5580000, 0x00000000d5d80000, 0x0000000100000000)
  eden space 2048K, 0% used [0x00000000d5580000,0x00000000d5580000,0x00000000d5780000)
  from space 1536K, 100% used [0x00000000d5780000,0x00000000d5900000,0x00000000d5900000)
  to   space 3072K, 0% used [0x00000000d5a80000,0x00000000d5a80000,0x00000000d5d80000)
 ParOldGen       total 1165824K, used 1165784K [0x0000000080000000, 0x00000000c7280000, 0x00000000d5580000)
  object space 1165824K, 99% used [0x0000000080000000,0x00000000c7276168,0x00000000c7280000)
 Metaspace       used 75249K, committed 76992K, reserved 1179648K
  class space    used 7682K, committed 8448K, reserved 1048576K
}
Event: 2015.002 GC heap before
{Heap before GC invocations=449 (full 3):
 PSYoungGen      total 3584K, used 3584K [0x00000000d5580000, 0x00000000d5d80000, 0x0000000100000000)
  eden space 2048K, 100% used [0x00000000d5580000,0x00000000d5780000,0x00000000d5780000)
  from space 1536K, 100% used [0x00000000d5780000,0x00000000d5900000,0x00000000d5900000)
  to   space 3072K, 0% used [0x00000000d5a80000,0x00000000d5a80000,0x00000000d5d80000)
 ParOldGen       total 1165824K, used 1165784K [0x0000000080000000, 0x00000000c7280000, 0x00000000d5580000)
  object space 1165824K, 99% used [0x0000000080000000,0x00000000c7276168,0x00000000c7280000)
 Metaspace       used 75249K, committed 76992K, reserved 1179648K
  class space    used 7682K, committed 8448K, reserved 1048576K
}
Event: 2015.007 GC heap after
{Heap after GC invocations=449 (full 3):
 PSYoungGen      total 4608K, used 1704K [0x00000000d5580000, 0x00000000d5c80000, 0x0000000100000000)
  eden space 2560K, 0% used [0x00000000d5580000,0x00000000d5580000,0x00000000d5800000)
  from space 2048K, 83% used [0x00000000d5a80000,0x00000000d5c2a000,0x00000000d5c80000)
  to   space 2048K, 0% used [0x00000000d5880000,0x00000000d5880000,0x00000000d5a80000)
 ParOldGen       total 1167360K, used 1167296K [0x0000000080000000, 0x00000000c7400000, 0x00000000d5580000)
  object space 1167360K, 99% used [0x0000000080000000,0x00000000c73f0168,0x00000000c7400000)
 Metaspace       used 75249K, committed 76992K, reserved 1179648K
  class space    used 7682K, committed 8448K, reserved 1048576K
}
Event: 2015.068 GC heap before
{Heap before GC invocations=450 (full 3):
 PSYoungGen      total 4608K, used 4264K [0x00000000d5580000, 0x00000000d5c80000, 0x0000000100000000)
  eden space 2560K, 100% used [0x00000000d5580000,0x00000000d5800000,0x00000000d5800000)
  from space 2048K, 83% used [0x00000000d5a80000,0x00000000d5c2a000,0x00000000d5c80000)
  to   space 2048K, 0% used [0x00000000d5880000,0x00000000d5880000,0x00000000d5a80000)
 ParOldGen       total 1167360K, used 1167296K [0x0000000080000000, 0x00000000c7400000, 0x00000000d5580000)
  object space 1167360K, 99% used [0x0000000080000000,0x00000000c73f0168,0x00000000c7400000)
 Metaspace       used 75251K, committed 76992K, reserved 1179648K
  class space    used 7682K, committed 8448K, reserved 1048576K
}
Event: 2015.075 GC heap after
{Heap after GC invocations=450 (full 3):
 PSYoungGen      total 5120K, used 1760K [0x00000000d5580000, 0x00000000d5c80000, 0x0000000100000000)
  eden space 3072K, 0% used [0x00000000d5580000,0x00000000d5580000,0x00000000d5880000)
  from space 2048K, 85% used [0x00000000d5880000,0x00000000d5a38000,0x00000000d5a80000)
  to   space 2048K, 0% used [0x00000000d5a80000,0x00000000d5a80000,0x00000000d5c80000)
 ParOldGen       total 1168896K, used 1168720K [0x0000000080000000, 0x00000000c7580000, 0x00000000d5580000)
  object space 1168896K, 99% used [0x0000000080000000,0x00000000c7554168,0x00000000c7580000)
 Metaspace       used 75251K, committed 76992K, reserved 1179648K
  class space    used 7682K, committed 8448K, reserved 1048576K
}
Event: 2015.087 GC heap before
{Heap before GC invocations=451 (full 3):
 PSYoungGen      total 5120K, used 4685K [0x00000000d5580000, 0x00000000d5c80000, 0x0000000100000000)
  eden space 3072K, 95% used [0x00000000d5580000,0x00000000d585b768,0x00000000d5880000)
  from space 2048K, 85% used [0x00000000d5880000,0x00000000d5a38000,0x00000000d5a80000)
  to   space 2048K, 0% used [0x00000000d5a80000,0x00000000d5a80000,0x00000000d5c80000)
 ParOldGen       total 1168896K, used 1168720K [0x0000000080000000, 0x00000000c7580000, 0x00000000d5580000)
  object space 1168896K, 99% used [0x0000000080000000,0x00000000c7554168,0x00000000c7580000)
 Metaspace       used 75253K, committed 76992K, reserved 1179648K
  class space    used 7682K, committed 8448K, reserved 1048576K
}
Event: 2015.091 GC heap after
{Heap after GC invocations=451 (full 3):
 PSYoungGen      total 5120K, used 1814K [0x00000000d5580000, 0x00000000d5d80000, 0x0000000100000000)
  eden space 3072K, 0% used [0x00000000d5580000,0x00000000d5580000,0x00000000d5880000)
  from space 2048K, 88% used [0x00000000d5a80000,0x00000000d5c45a70,0x00000000d5c80000)
  to   space 2048K, 0% used [0x00000000d5880000,0x00000000d5880000,0x00000000d5a80000)
 ParOldGen       total 1170432K, used 1170392K [0x0000000080000000, 0x00000000c7700000, 0x00000000d5580000)
  object space 1170432K, 99% used [0x0000000080000000,0x00000000c76f6168,0x00000000c7700000)
 Metaspace       used 75253K, committed 76992K, reserved 1179648K
  class space    used 7682K, committed 8448K, reserved 1048576K
}
Event: 2015.107 GC heap before
{Heap before GC invocations=452 (full 3):
 PSYoungGen      total 5120K, used 4885K [0x00000000d5580000, 0x00000000d5d80000, 0x0000000100000000)
  eden space 3072K, 99% used [0x00000000d5580000,0x00000000d587fc68,0x00000000d5880000)
  from space 2048K, 88% used [0x00000000d5a80000,0x00000000d5c45a70,0x00000000d5c80000)
  to   space 2048K, 0% used [0x00000000d5880000,0x00000000d5880000,0x00000000d5a80000)
 ParOldGen       total 1170432K, used 1170392K [0x0000000080000000, 0x00000000c7700000, 0x00000000d5580000)
  object space 1170432K, 99% used [0x0000000080000000,0x00000000c76f6168,0x00000000c7700000)
 Metaspace       used 75253K, committed 76992K, reserved 1179648K
  class space    used 7682K, committed 8448K, reserved 1048576K
}
Event: 2015.113 GC heap after
{Heap after GC invocations=452 (full 3):
 PSYoungGen      total 5120K, used 1923K [0x00000000d5580000, 0x00000000d5d80000, 0x0000000100000000)
  eden space 3072K, 0% used [0x00000000d5580000,0x00000000d5580000,0x00000000d5880000)
  from space 2048K, 93% used [0x00000000d5880000,0x00000000d5a60e88,0x00000000d5a80000)
  to   space 2048K, 0% used [0x00000000d5b80000,0x00000000d5b80000,0x00000000d5d80000)
 ParOldGen       total 1172992K, used 1172821K [0x0000000080000000, 0x00000000c7980000, 0x00000000d5580000)
  object space 1172992K, 99% used [0x0000000080000000,0x00000000c79554e8,0x00000000c7980000)
 Metaspace       used 75253K, committed 76992K, reserved 1179648K
  class space    used 7682K, committed 8448K, reserved 1048576K
}
Event: 2015.125 GC heap before
{Heap before GC invocations=453 (full 3):
 PSYoungGen      total 5120K, used 4995K [0x00000000d5580000, 0x00000000d5d80000, 0x0000000100000000)
  eden space 3072K, 100% used [0x00000000d5580000,0x00000000d5880000,0x00000000d5880000)
  from space 2048K, 93% used [0x00000000d5880000,0x00000000d5a60e88,0x00000000d5a80000)
  to   space 2048K, 0% used [0x00000000d5b80000,0x00000000d5b80000,0x00000000d5d80000)
 ParOldGen       total 1172992K, used 1172821K [0x0000000080000000, 0x00000000c7980000, 0x00000000d5580000)
  object space 1172992K, 99% used [0x0000000080000000,0x00000000c79554e8,0x00000000c7980000)
 Metaspace       used 75253K, committed 76992K, reserved 1179648K
  class space    used 7682K, committed 8448K, reserved 1048576K
}
Event: 2015.129 GC heap after
{Heap after GC invocations=453 (full 3):
 PSYoungGen      total 3584K, used 2027K [0x00000000d5580000, 0x00000000d6280000, 0x0000000100000000)
  eden space 1536K, 0% used [0x00000000d5580000,0x00000000d5580000,0x00000000d5700000)
  from space 2048K, 98% used [0x00000000d5b80000,0x00000000d5d7ac70,0x00000000d5d80000)
  to   space 4608K, 0% used [0x00000000d5700000,0x00000000d5700000,0x00000000d5b80000)
 ParOldGen       total 1175040K, used 1174967K [0x0000000080000000, 0x00000000c7b80000, 0x00000000d5580000)
  object space 1175040K, 99% used [0x0000000080000000,0x00000000c7b6dc68,0x00000000c7b80000)
 Metaspace       used 75253K, committed 76992K, reserved 1179648K
  class space    used 7682K, committed 8448K, reserved 1048576K
}
Event: 2015.137 GC heap before
{Heap before GC invocations=454 (full 3):
 PSYoungGen      total 3584K, used 3563K [0x00000000d5580000, 0x00000000d6280000, 0x0000000100000000)
  eden space 1536K, 100% used [0x00000000d5580000,0x00000000d5700000,0x00000000d5700000)
  from space 2048K, 98% used [0x00000000d5b80000,0x00000000d5d7ac70,0x00000000d5d80000)
  to   space 4608K, 0% used [0x00000000d5700000,0x00000000d5700000,0x00000000d5b80000)
 ParOldGen       total 1175040K, used 1174967K [0x0000000080000000, 0x00000000c7b80000, 0x00000000d5580000)
  object space 1175040K, 99% used [0x0000000080000000,0x00000000c7b6dc68,0x00000000c7b80000)
 Metaspace       used 75256K, committed 76992K, reserved 1179648K
  class space    used 7682K, committed 8448K, reserved 1048576K
}
Event: 2015.140 GC heap after
{Heap after GC invocations=454 (full 3):
 PSYoungGen      total 2048K, used 480K [0x00000000d5580000, 0x00000000d5c00000, 0x0000000100000000)
  eden space 1536K, 0% used [0x00000000d5580000,0x00000000d5580000,0x00000000d5700000)
  from space 512K, 93% used [0x00000000d5700000,0x00000000d5778000,0x00000000d5780000)
  to   space 2048K, 0% used [0x00000000d5a00000,0x00000000d5a00000,0x00000000d5c00000)
 ParOldGen       total 1177088K, used 1177034K [0x0000000080000000, 0x00000000c7d80000, 0x00000000d5580000)
  object space 1177088K, 99% used [0x0000000080000000,0x00000000c7d72880,0x00000000c7d80000)
 Metaspace       used 75256K, committed 76992K, reserved 1179648K
  class space    used 7682K, committed 8448K, reserved 1048576K
}

