# JRE version: OpenJDK Runtime Environment Temurin-21.0.8+9 (21.0.8+9) (build 21.0.8+9-LTS)
# Java VM: OpenJDK 64-Bit Server VM Temurin-21.0.8+9 (21.0.8+9-LTS, mixed mode, sharing, tiered, compressed oops, compressed class ptrs, parallel gc, windows-amd64)
GC Precious Log:
 CardTable entry size: 512
 CPUs: 12 total, 12 available
 Memory: 7967M
 Large Page Support: Disabled
 NUMA Support: Disabled
 Compressed Oops: Enabled (32-bit)
 Alignments: Space 512K, Generation 512K, Heap 2M
 Heap Min Capacity: 100M
 Heap Initial Capacity: 100M
 Heap Max Capacity: 2G
 Pre-touch: Disabled
 Parallel Workers: 10
Heap:
 PSYoungGen      total 7680K, used 6254K [0x00000000d5580000, 0x00000000d6400000, 0x0000000100000000)
  eden space 5632K, 74% used [0x00000000d5580000,0x00000000d599fbd0,0x00000000d5b00000)
  from space 2048K, 99% used [0x00000000d6200000,0x00000000d63fc000,0x00000000d6400000)
  to   space 4096K, 0% used [0x00000000d5c00000,0x00000000d5c00000,0x00000000d6000000)
 ParOldGen       total 432640K, used 431568K [0x0000000080000000, 0x000000009a680000, 0x00000000d5580000)
  object space 432640K, 99% used [0x0000000080000000,0x000000009a574090,0x000000009a680000)
 Metaspace       used 80936K, committed 82688K, reserved 1179648K
  class space    used 8222K, committed 9024K, reserved 1048576K
GC Heap History (20 events):
Event: 2748.560 GC heap before
{Heap before GC invocations=333 (full 4):
 PSYoungGen      total 1024K, used 1023K [0x00000000d5580000, 0x00000000d5f80000, 0x0000000100000000)
  eden space 512K, 99% used [0x00000000d5580000,0x00000000d55fff88,0x00000000d5600000)
  from space 512K, 100% used [0x00000000d5980000,0x00000000d5a00000,0x00000000d5a00000)
  to   space 3584K, 0% used [0x00000000d5600000,0x00000000d5600000,0x00000000d5980000)
 ParOldGen       total 384512K, used 384318K [0x0000000080000000, 0x0000000097780000, 0x00000000d5580000)
  object space 384512K, 99% used [0x0000000080000000,0x000000009774f9a0,0x0000000097780000)
 Metaspace       used 80922K, committed 82688K, reserved 1179648K
  class space    used 8222K, committed 9024K, reserved 1048576K
}
Event: 2748.563 GC heap after
{Heap after GC invocations=333 (full 4):
 PSYoungGen      total 1536K, used 608K [0x00000000d5580000, 0x00000000d5a00000, 0x0000000100000000)
  eden space 512K, 0% used [0x00000000d5580000,0x00000000d5580000,0x00000000d5600000)
  from space 1024K, 59% used [0x00000000d5600000,0x00000000d5698000,0x00000000d5700000)
  to   space 1536K, 0% used [0x00000000d5880000,0x00000000d5880000,0x00000000d5a00000)
 ParOldGen       total 385024K, used 384822K [0x0000000080000000, 0x0000000097800000, 0x00000000d5580000)
  object space 385024K, 99% used [0x0000000080000000,0x00000000977cd9a0,0x0000000097800000)
 Metaspace       used 80922K, committed 82688K, reserved 1179648K
  class space    used 8222K, committed 9024K, reserved 1048576K
}
Event: 2748.571 GC heap before
{Heap before GC invocations=334 (full 4):
 PSYoungGen      total 1536K, used 1120K [0x00000000d5580000, 0x00000000d5a00000, 0x0000000100000000)
  eden space 512K, 100% used [0x00000000d5580000,0x00000000d5600000,0x00000000d5600000)
  from space 1024K, 59% used [0x00000000d5600000,0x00000000d5698000,0x00000000d5700000)
  to   space 1536K, 0% used [0x00000000d5880000,0x00000000d5880000,0x00000000d5a00000)
 ParOldGen       total 385024K, used 384822K [0x0000000080000000, 0x0000000097800000, 0x00000000d5580000)
  object space 385024K, 99% used [0x0000000080000000,0x00000000977cd9a0,0x0000000097800000)
 Metaspace       used 80922K, committed 82688K, reserved 1179648K
  class space    used 8222K, committed 9024K, reserved 1048576K
}
Event: 2748.580 GC heap after
{Heap after GC invocations=334 (full 4):
 PSYoungGen      total 2048K, used 576K [0x00000000d5580000, 0x00000000d5980000, 0x0000000100000000)
  eden space 1024K, 0% used [0x00000000d5580000,0x00000000d5580000,0x00000000d5680000)
  from space 1024K, 56% used [0x00000000d5880000,0x00000000d5910000,0x00000000d5980000)
  to   space 1024K, 0% used [0x00000000d5780000,0x00000000d5780000,0x00000000d5880000)
 ParOldGen       total 385536K, used 385342K [0x0000000080000000, 0x0000000097880000, 0x00000000d5580000)
  object space 385536K, 99% used [0x0000000080000000,0x000000009784f9a0,0x0000000097880000)
 Metaspace       used 80922K, committed 82688K, reserved 1179648K
  class space    used 8222K, committed 9024K, reserved 1048576K
}
Event: 2748.590 GC heap before
{Heap before GC invocations=335 (full 4):
 PSYoungGen      total 2048K, used 1600K [0x00000000d5580000, 0x00000000d5980000, 0x0000000100000000)
  eden space 1024K, 100% used [0x00000000d5580000,0x00000000d5680000,0x00000000d5680000)
  from space 1024K, 56% used [0x00000000d5880000,0x00000000d5910000,0x00000000d5980000)
  to   space 1024K, 0% used [0x00000000d5780000,0x00000000d5780000,0x00000000d5880000)
 ParOldGen       total 385536K, used 385342K [0x0000000080000000, 0x0000000097880000, 0x00000000d5580000)
  object space 385536K, 99% used [0x0000000080000000,0x000000009784f9a0,0x0000000097880000)
 Metaspace       used 80922K, committed 82688K, reserved 1179648K
  class space    used 8222K, committed 9024K, reserved 1048576K
}
Event: 2748.595 GC heap after
{Heap after GC invocations=335 (full 4):
 PSYoungGen      total 2560K, used 1024K [0x00000000d5580000, 0x00000000d5b00000, 0x0000000100000000)
  eden space 1536K, 0% used [0x00000000d5580000,0x00000000d5580000,0x00000000d5700000)
  from space 1024K, 100% used [0x00000000d5780000,0x00000000d5880000,0x00000000d5880000)
  to   space 2048K, 0% used [0x00000000d5900000,0x00000000d5900000,0x00000000d5b00000)
 ParOldGen       total 386048K, used 385886K [0x0000000080000000, 0x0000000097900000, 0x00000000d5580000)
  object space 386048K, 99% used [0x0000000080000000,0x00000000978d79a0,0x0000000097900000)
 Metaspace       used 80922K, committed 82688K, reserved 1179648K
  class space    used 8222K, committed 9024K, reserved 1048576K
}
Event: 2748.615 GC heap before
{Heap before GC invocations=336 (full 4):
 PSYoungGen      total 2560K, used 2559K [0x00000000d5580000, 0x00000000d5b00000, 0x0000000100000000)
  eden space 1536K, 99% used [0x00000000d5580000,0x00000000d56fffe8,0x00000000d5700000)
  from space 1024K, 100% used [0x00000000d5780000,0x00000000d5880000,0x00000000d5880000)
  to   space 2048K, 0% used [0x00000000d5900000,0x00000000d5900000,0x00000000d5b00000)
 ParOldGen       total 386048K, used 385886K [0x0000000080000000, 0x0000000097900000, 0x00000000d5580000)
  object space 386048K, 99% used [0x0000000080000000,0x00000000978d79a0,0x0000000097900000)
 Metaspace       used 80922K, committed 82688K, reserved 1179648K
  class space    used 8222K, committed 9024K, reserved 1048576K
}
Event: 2748.623 GC heap after
{Heap after GC invocations=336 (full 4):
 PSYoungGen      total 3584K, used 1440K [0x00000000d5580000, 0x00000000d5a80000, 0x0000000100000000)
  eden space 2048K, 0% used [0x00000000d5580000,0x00000000d5580000,0x00000000d5780000)
  from space 1536K, 93% used [0x00000000d5900000,0x00000000d5a68000,0x00000000d5a80000)
  to   space 1536K, 0% used [0x00000000d5780000,0x00000000d5780000,0x00000000d5900000)
 ParOldGen       total 387072K, used 386886K [0x0000000080000000, 0x0000000097a00000, 0x00000000d5580000)
  object space 387072K, 99% used [0x0000000080000000,0x00000000979d19a0,0x0000000097a00000)
 Metaspace       used 80922K, committed 82688K, reserved 1179648K
  class space    used 8222K, committed 9024K, reserved 1048576K
}
Event: 2748.654 GC heap before
{Heap before GC invocations=337 (full 4):
 PSYoungGen      total 3584K, used 3488K [0x00000000d5580000, 0x00000000d5a80000, 0x0000000100000000)
  eden space 2048K, 100% used [0x00000000d5580000,0x00000000d5780000,0x00000000d5780000)
  from space 1536K, 93% used [0x00000000d5900000,0x00000000d5a68000,0x00000000d5a80000)
  to   space 1536K, 0% used [0x00000000d5780000,0x00000000d5780000,0x00000000d5900000)
 ParOldGen       total 387072K, used 386886K [0x0000000080000000, 0x0000000097a00000, 0x00000000d5580000)
  object space 387072K, 99% used [0x0000000080000000,0x00000000979d19a0,0x0000000097a00000)
 Metaspace       used 80922K, committed 82688K, reserved 1179648K
  class space    used 8222K, committed 9024K, reserved 1048576K
}
Event: 2748.663 GC heap after
{Heap after GC invocations=337 (full 4):
 PSYoungGen      total 3584K, used 1536K [0x00000000d5580000, 0x00000000d5f00000, 0x0000000100000000)
  eden space 2048K, 0% used [0x00000000d5580000,0x00000000d5580000,0x00000000d5780000)
  from space 1536K, 100% used [0x00000000d5780000,0x00000000d5900000,0x00000000d5900000)
  to   space 3584K, 0% used [0x00000000d5b80000,0x00000000d5b80000,0x00000000d5f00000)
 ParOldGen       total 388608K, used 388406K [0x0000000080000000, 0x0000000097b80000, 0x00000000d5580000)
  object space 388608K, 99% used [0x0000000080000000,0x0000000097b4d9a0,0x0000000097b80000)
 Metaspace       used 80922K, committed 82688K, reserved 1179648K
  class space    used 8222K, committed 9024K, reserved 1048576K
}
Event: 2748.674 GC heap before
{Heap before GC invocations=338 (full 4):
 PSYoungGen      total 3584K, used 3584K [0x00000000d5580000, 0x00000000d5f00000, 0x0000000100000000)
  eden space 2048K, 100% used [0x00000000d5580000,0x00000000d5780000,0x00000000d5780000)
  from space 1536K, 100% used [0x00000000d5780000,0x00000000d5900000,0x00000000d5900000)
  to   space 3584K, 0% used [0x00000000d5b80000,0x00000000d5b80000,0x00000000d5f00000)
 ParOldGen       total 388608K, used 388406K [0x0000000080000000, 0x0000000097b80000, 0x00000000d5580000)
  object space 388608K, 99% used [0x0000000080000000,0x0000000097b4d9a0,0x0000000097b80000)
 Metaspace       used 80922K, committed 82688K, reserved 1179648K
  class space    used 8222K, committed 9024K, reserved 1048576K
}
Event: 2748.683 GC heap after
{Heap after GC invocations=338 (full 4):
 PSYoungGen      total 4608K, used 1776K [0x00000000d5580000, 0x00000000d5d80000, 0x0000000100000000)
  eden space 2560K, 0% used [0x00000000d5580000,0x00000000d5580000,0x00000000d5800000)
  from space 2048K, 86% used [0x00000000d5b80000,0x00000000d5d3c010,0x00000000d5d80000)
  to   space 2560K, 0% used [0x00000000d5880000,0x00000000d5880000,0x00000000d5b00000)
 ParOldGen       total 390144K, used 389966K [0x0000000080000000, 0x0000000097d00000, 0x00000000d5580000)
  object space 390144K, 99% used [0x0000000080000000,0x0000000097cd39a0,0x0000000097d00000)
 Metaspace       used 80922K, committed 82688K, reserved 1179648K
  class space    used 8222K, committed 9024K, reserved 1048576K
}
Event: 2748.701 GC heap before
{Heap before GC invocations=339 (full 4):
 PSYoungGen      total 4608K, used 4336K [0x00000000d5580000, 0x00000000d5d80000, 0x0000000100000000)
  eden space 2560K, 100% used [0x00000000d5580000,0x00000000d5800000,0x00000000d5800000)
  from space 2048K, 86% used [0x00000000d5b80000,0x00000000d5d3c010,0x00000000d5d80000)
  to   space 2560K, 0% used [0x00000000d5880000,0x00000000d5880000,0x00000000d5b00000)
 ParOldGen       total 390144K, used 389966K [0x0000000080000000, 0x0000000097d00000, 0x00000000d5580000)
  object space 390144K, 99% used [0x0000000080000000,0x0000000097cd39a0,0x0000000097d00000)
 Metaspace       used 80923K, committed 82688K, reserved 1179648K
  class space    used 8222K, committed 9024K, reserved 1048576K
}
Event: 2748.710 GC heap after
{Heap after GC invocations=339 (full 4):
 PSYoungGen      total 5632K, used 2529K [0x00000000d5580000, 0x00000000d6280000, 0x0000000100000000)
  eden space 3072K, 0% used [0x00000000d5580000,0x00000000d5580000,0x00000000d5880000)
  from space 2560K, 98% used [0x00000000d5880000,0x00000000d5af8788,0x00000000d5b00000)
  to   space 5120K, 0% used [0x00000000d5d80000,0x00000000d5d80000,0x00000000d6280000)
 ParOldGen       total 391680K, used 391638K [0x0000000080000000, 0x0000000097e80000, 0x00000000d5580000)
  object space 391680K, 99% used [0x0000000080000000,0x0000000097e759c0,0x0000000097e80000)
 Metaspace       used 80923K, committed 82688K, reserved 1179648K
  class space    used 8222K, committed 9024K, reserved 1048576K
}
Event: 2748.726 GC heap before
{Heap before GC invocations=340 (full 4):
 PSYoungGen      total 5632K, used 5601K [0x00000000d5580000, 0x00000000d6280000, 0x0000000100000000)
  eden space 3072K, 100% used [0x00000000d5580000,0x00000000d5880000,0x00000000d5880000)
  from space 2560K, 98% used [0x00000000d5880000,0x00000000d5af8788,0x00000000d5b00000)
  to   space 5120K, 0% used [0x00000000d5d80000,0x00000000d5d80000,0x00000000d6280000)
 ParOldGen       total 391680K, used 391638K [0x0000000080000000, 0x0000000097e80000, 0x00000000d5580000)
  object space 391680K, 99% used [0x0000000080000000,0x0000000097e759c0,0x0000000097e80000)
 Metaspace       used 80923K, committed 82688K, reserved 1179648K
  class space    used 8222K, committed 9024K, reserved 1048576K
}
Event: 2748.736 GC heap after
{Heap after GC invocations=340 (full 4):
 PSYoungGen      total 7680K, used 3192K [0x00000000d5580000, 0x00000000d6100000, 0x0000000100000000)
  eden space 4096K, 0% used [0x00000000d5580000,0x00000000d5580000,0x00000000d5980000)
  from space 3584K, 89% used [0x00000000d5d80000,0x00000000d609e240,0x00000000d6100000)
  to   space 3584K, 0% used [0x00000000d5a00000,0x00000000d5a00000,0x00000000d5d80000)
 ParOldGen       total 394240K, used 394144K [0x0000000080000000, 0x0000000098100000, 0x00000000d5580000)
  object space 394240K, 99% used [0x0000000080000000,0x00000000980e81d0,0x0000000098100000)
 Metaspace       used 80923K, committed 82688K, reserved 1179648K
  class space    used 8222K, committed 9024K, reserved 1048576K
}
Event: 2748.766 GC heap before
{Heap before GC invocations=341 (full 4):
 PSYoungGen      total 7680K, used 7284K [0x00000000d5580000, 0x00000000d6100000, 0x0000000100000000)
  eden space 4096K, 99% used [0x00000000d5580000,0x00000000d597ef48,0x00000000d5980000)
  from space 3584K, 89% used [0x00000000d5d80000,0x00000000d609e240,0x00000000d6100000)
  to   space 3584K, 0% used [0x00000000d5a00000,0x00000000d5a00000,0x00000000d5d80000)
 ParOldGen       total 394240K, used 394144K [0x0000000080000000, 0x0000000098100000, 0x00000000d5580000)
  object space 394240K, 99% used [0x0000000080000000,0x00000000980e81d0,0x0000000098100000)
 Metaspace       used 80923K, committed 82688K, reserved 1179648K
  class space    used 8222K, committed 9024K, reserved 1048576K
}
Event: 2748.774 GC heap after
{Heap after GC invocations=341 (full 4):
 PSYoungGen      total 8192K, used 3571K [0x00000000d5580000, 0x00000000d6980000, 0x0000000100000000)
  eden space 4608K, 0% used [0x00000000d5580000,0x00000000d5580000,0x00000000d5a00000)
  from space 3584K, 99% used [0x00000000d5a00000,0x00000000d5d7cd80,0x00000000d5d80000)
  to   space 7680K, 0% used [0x00000000d6200000,0x00000000d6200000,0x00000000d6980000)
 ParOldGen       total 397824K, used 397377K [0x0000000080000000, 0x0000000098480000, 0x00000000d5580000)
  object space 397824K, 99% used [0x0000000080000000,0x0000000098410770,0x0000000098480000)
 Metaspace       used 80923K, committed 82688K, reserved 1179648K
  class space    used 8222K, committed 9024K, reserved 1048576K
}
Event: 2748.817 GC heap before
{Heap before GC invocations=342 (full 4):
 PSYoungGen      total 8192K, used 8179K [0x00000000d5580000, 0x00000000d6980000, 0x0000000100000000)
  eden space 4608K, 99% used [0x00000000d5580000,0x00000000d59ffff0,0x00000000d5a00000)
  from space 3584K, 99% used [0x00000000d5a00000,0x00000000d5d7cd80,0x00000000d5d80000)
  to   space 7680K, 0% used [0x00000000d6200000,0x00000000d6200000,0x00000000d6980000)
 ParOldGen       total 397824K, used 397377K [0x0000000080000000, 0x0000000098480000, 0x00000000d5580000)
  object space 397824K, 99% used [0x0000000080000000,0x0000000098410770,0x0000000098480000)
 Metaspace       used 80923K, committed 82688K, reserved 1179648K
  class space    used 8222K, committed 9024K, reserved 1048576K
}
Event: 2748.824 GC heap after
{Heap after GC invocations=342 (full 4):
 PSYoungGen      total 7680K, used 2032K [0x00000000d5580000, 0x00000000d6400000, 0x0000000100000000)
  eden space 5632K, 0% used [0x00000000d5580000,0x00000000d5580000,0x00000000d5b00000)
  from space 2048K, 99% used [0x00000000d6200000,0x00000000d63fc000,0x00000000d6400000)
  to   space 4096K, 0% used [0x00000000d5c00000,0x00000000d5c00000,0x00000000d6000000)
 ParOldGen       total 400896K, used 400848K [0x0000000080000000, 0x0000000098780000, 0x00000000d5580000)
  object space 400896K, 99% used [0x0000000080000000,0x0000000098774060,0x0000000098780000)
 Metaspace       used 80923K, committed 82688K, reserved 1179648K
  class space    used 8222K, committed 9024K, reserved 1048576K
}

